<?xml version="1.0" encoding="UTF-8"?>
<!-- Generated by org.testng.reporters.JUnitReportReporter -->
<testsuite skipped="0" hostname="home" name="ru.mystudy.RunTest" tests="1" failures="0" timestamp="04 мар 2019 21:12:53 GMT" time="0.309" errors="0">
  <testcase name="runScenario" time="0.309" classname="ru.mystudy.RunTest"/>
</testsuite> <!-- ru.mystudy.RunTest -->
